<?xml version="1.0" encoding="UTF-8"?>
<!-- Generated by org.testng.reporters.JUnitXMLReporter -->
<testsuite ignored="4" hostname="DESKTOP-QPFEMJR" failures="1" tests="8" name="Bank manager Test" time="12.928" errors="0" timestamp="25 Dec 2020 07:04:16 GMT">
  <testcase classname="testcases.BankManagerLoginTest" name="bankManagerLoginTest" time="2.099">
    <failure type="java.lang.AssertionError" message="expected [true] but found [false]">
      <![CDATA[java.lang.AssertionError: expected [true] but found [false]
at testcases.BankManagerLoginTest.bankManagerLoginTest(BankManagerLoginTest.java:41)
... Removed 29 stack frames]]>
    </failure>
  </testcase> <!-- bankManagerLoginTest -->
  <testcase classname="testcases.AddCostemerTest" name="addCostemerTest" time="0.574"/>
  <testcase classname="testcases.AddCostemerTest" name="addCostemerTest" time="0.001">
    <skipped/>
  </testcase> <!-- addCostemerTest -->
  <testcase classname="testcases.AddCostemerTest" name="addCostemerTest" time="0.284"/>
  <testcase classname="testcases.AddCostemerTest" name="addCostemerTest" time="0.213"/>
  <testcase classname="testcases.AddCostemerTest" name="addCostemerTest" time="0.001">
    <skipped/>
  </testcase> <!-- addCostemerTest -->
  <testcase classname="testcases.OpenAccountTest" name="openAccountTest" time="0.56"/>
  <testcase classname="testcases.OpenAccountTest" name="openAccountTest" time="0.211"/>
  <testcase classname="base.TestBase" name="@BeforeTest setUP" time="0.0">
    <ignored/>
  </testcase> <!-- @BeforeTest setUP -->
  <testcase classname="base.TestBase" name="@BeforeTest setUP" time="0.0">
    <ignored/>
  </testcase> <!-- @BeforeTest setUP -->
  <testcase classname="base.TestBase" name="@AfterTest tearDown" time="0.0">
    <ignored/>
  </testcase> <!-- @AfterTest tearDown -->
  <testcase classname="base.TestBase" name="@AfterTest tearDown" time="0.0">
    <ignored/>
  </testcase> <!-- @AfterTest tearDown -->
</testsuite> <!-- Bank manager Test -->
