<?xml version="1.0" encoding="UTF-8"?>
<testng-results ignored="4" total="12" passed="5" failed="1" skipped="2">
  <reporter-output>
    <line>
      <![CDATA[Click to see Screenshot]]>
    </line>
    <line>
      <![CDATA[<a target="_blank" href=Fri_Dec_25_02_04_14_EST_2020.jpg>Screenshot</a>]]>
    </line>
    <line>
      <![CDATA[<br>]]>
    </line>
    <line>
      <![CDATA[<br>]]>
    </line>
    <line>
      <![CDATA[<a target="_blank" href=Fri_Dec_25_02_04_14_EST_2020.jpg><img src=Fri_Dec_25_02_04_14_EST_2020.jpg height=200 width=200></img></a>]]>
    </line>
  </reporter-output>
  <suite started-at="2020-12-25T07:04:03Z" name="Data Driven Test" finished-at="2020-12-25T07:04:16Z" duration-ms="12928">
    <groups>
    </groups>
    <test started-at="2020-12-25T07:04:03Z" name="Bank manager Test" finished-at="2020-12-25T07:04:16Z" duration-ms="12928">
      <class name="testcases.AddCostemerTest">
        <test-method signature="addCostemerTest(java.util.Hashtable)[pri:0, instance:testcases.AddCostemerTest@3174cb09]" started-at="2020-12-25T07:04:14Z" name="addCostemerTest" data-provider="dp" finished-at="2020-12-25T07:04:15Z" duration-ms="574" status="PASS">
          <params>
            <param index="0">
              <value>
                <![CDATA[{postcode=55320.0, name=ercan, lastname=caglayan, runmode=Y, alertText=Customer added successfully with customer id }]]>
              </value>
            </param>
          </params>
          <reporter-output>
          </reporter-output>
        </test-method> <!-- addCostemerTest -->
        <test-method signature="addCostemerTest(java.util.Hashtable)[pri:0, instance:testcases.AddCostemerTest@3174cb09]" started-at="2020-12-25T07:04:15Z" name="addCostemerTest" data-provider="dp" finished-at="2020-12-25T07:04:15Z" duration-ms="1" status="SKIP">
          <params>
            <param index="0">
              <value>
                <![CDATA[{postcode=76666.0, name=fetih, lastname=adsiz, runmode=N, alertText=Customer added successfully with customer id }]]>
              </value>
            </param>
          </params>
          <exception class="org.testng.SkipException">
            <message>
              <![CDATA[skipping the test case as a run mode ]]>
            </message>
            <full-stacktrace>
              <![CDATA[org.testng.SkipException: skipping the test case as a run mode 
at testcases.AddCostemerTest.addCostemerTest(AddCostemerTest.java:23)
at java.base/jdk.internal.reflect.NativeMethodAccessorImpl.invoke0(Native Method)
at java.base/jdk.internal.reflect.NativeMethodAccessorImpl.invoke(NativeMethodAccessorImpl.java:64)
at java.base/jdk.internal.reflect.DelegatingMethodAccessorImpl.invoke(DelegatingMethodAccessorImpl.java:43)
at java.base/java.lang.reflect.Method.invoke(Method.java:564)
at org.testng.internal.MethodInvocationHelper.invokeMethod(MethodInvocationHelper.java:124)
at org.testng.internal.Invoker.invokeMethod(Invoker.java:583)
at org.testng.internal.Invoker.invokeTestMethod(Invoker.java:719)
at org.testng.internal.Invoker.invokeTestMethods(Invoker.java:989)
at org.testng.internal.TestMethodWorker.invokeTestMethods(TestMethodWorker.java:125)
at org.testng.internal.TestMethodWorker.run(TestMethodWorker.java:109)
at org.testng.TestRunner.privateRun(TestRunner.java:648)
at org.testng.TestRunner.run(TestRunner.java:505)
at org.testng.SuiteRunner.runTest(SuiteRunner.java:455)
at org.testng.SuiteRunner.runSequentially(SuiteRunner.java:450)
at org.testng.SuiteRunner.privateRun(SuiteRunner.java:415)
at org.testng.SuiteRunner.run(SuiteRunner.java:364)
at org.testng.SuiteRunnerWorker.runSuite(SuiteRunnerWorker.java:52)
at org.testng.SuiteRunnerWorker.run(SuiteRunnerWorker.java:84)
at org.testng.TestNG.runSuitesSequentially(TestNG.java:1208)
at org.testng.TestNG.runSuitesLocally(TestNG.java:1137)
at org.testng.TestNG.runSuites(TestNG.java:1049)
at org.testng.TestNG.run(TestNG.java:1017)
at org.testng.remote.AbstractRemoteTestNG.run(AbstractRemoteTestNG.java:115)
at org.testng.remote.RemoteTestNG.initAndRun(RemoteTestNG.java:251)
at org.testng.remote.RemoteTestNG.main(RemoteTestNG.java:77)
]]>
            </full-stacktrace>
          </exception> <!-- org.testng.SkipException -->
          <reporter-output>
          </reporter-output>
        </test-method> <!-- addCostemerTest -->
        <test-method signature="addCostemerTest(java.util.Hashtable)[pri:0, instance:testcases.AddCostemerTest@3174cb09]" started-at="2020-12-25T07:04:15Z" name="addCostemerTest" data-provider="dp" finished-at="2020-12-25T07:04:15Z" duration-ms="284" status="PASS">
          <params>
            <param index="0">
              <value>
                <![CDATA[{postcode=88855.0, name=Harry, lastname= Potter, runmode=Y, alertText=Customer added successfully with customer id }]]>
              </value>
            </param>
          </params>
          <reporter-output>
          </reporter-output>
        </test-method> <!-- addCostemerTest -->
        <test-method signature="addCostemerTest(java.util.Hashtable)[pri:0, instance:testcases.AddCostemerTest@3174cb09]" started-at="2020-12-25T07:04:15Z" name="addCostemerTest" data-provider="dp" finished-at="2020-12-25T07:04:15Z" duration-ms="213" status="PASS">
          <params>
            <param index="0">
              <value>
                <![CDATA[{postcode=1212.0, name=can, lastname=tez, runmode=Y, alertText=Customer added successfully with customer id }]]>
              </value>
            </param>
          </params>
          <reporter-output>
          </reporter-output>
        </test-method> <!-- addCostemerTest -->
        <test-method signature="addCostemerTest(java.util.Hashtable)[pri:0, instance:testcases.AddCostemerTest@3174cb09]" started-at="2020-12-25T07:04:15Z" name="addCostemerTest" data-provider="dp" finished-at="2020-12-25T07:04:15Z" duration-ms="1" status="SKIP">
          <params>
            <param index="0">
              <value>
                <![CDATA[{postcode=, name=, lastname=, runmode=, alertText=}]]>
              </value>
            </param>
          </params>
          <exception class="org.testng.SkipException">
            <message>
              <![CDATA[skipping the test case as a run mode ]]>
            </message>
            <full-stacktrace>
              <![CDATA[org.testng.SkipException: skipping the test case as a run mode 
at testcases.AddCostemerTest.addCostemerTest(AddCostemerTest.java:23)
at java.base/jdk.internal.reflect.NativeMethodAccessorImpl.invoke0(Native Method)
at java.base/jdk.internal.reflect.NativeMethodAccessorImpl.invoke(NativeMethodAccessorImpl.java:64)
at java.base/jdk.internal.reflect.DelegatingMethodAccessorImpl.invoke(DelegatingMethodAccessorImpl.java:43)
at java.base/java.lang.reflect.Method.invoke(Method.java:564)
at org.testng.internal.MethodInvocationHelper.invokeMethod(MethodInvocationHelper.java:124)
at org.testng.internal.Invoker.invokeMethod(Invoker.java:583)
at org.testng.internal.Invoker.invokeTestMethod(Invoker.java:719)
at org.testng.internal.Invoker.invokeTestMethods(Invoker.java:989)
at org.testng.internal.TestMethodWorker.invokeTestMethods(TestMethodWorker.java:125)
at org.testng.internal.TestMethodWorker.run(TestMethodWorker.java:109)
at org.testng.TestRunner.privateRun(TestRunner.java:648)
at org.testng.TestRunner.run(TestRunner.java:505)
at org.testng.SuiteRunner.runTest(SuiteRunner.java:455)
at org.testng.SuiteRunner.runSequentially(SuiteRunner.java:450)
at org.testng.SuiteRunner.privateRun(SuiteRunner.java:415)
at org.testng.SuiteRunner.run(SuiteRunner.java:364)
at org.testng.SuiteRunnerWorker.runSuite(SuiteRunnerWorker.java:52)
at org.testng.SuiteRunnerWorker.run(SuiteRunnerWorker.java:84)
at org.testng.TestNG.runSuitesSequentially(TestNG.java:1208)
at org.testng.TestNG.runSuitesLocally(TestNG.java:1137)
at org.testng.TestNG.runSuites(TestNG.java:1049)
at org.testng.TestNG.run(TestNG.java:1017)
at org.testng.remote.AbstractRemoteTestNG.run(AbstractRemoteTestNG.java:115)
at org.testng.remote.RemoteTestNG.initAndRun(RemoteTestNG.java:251)
at org.testng.remote.RemoteTestNG.main(RemoteTestNG.java:77)
]]>
            </full-stacktrace>
          </exception> <!-- org.testng.SkipException -->
          <reporter-output>
          </reporter-output>
        </test-method> <!-- addCostemerTest -->
      </class> <!-- testcases.AddCostemerTest -->
      <class name="testcases.BankManagerLoginTest">
        <test-method is-config="true" signature="setUP()[pri:0, instance:testcases.BankManagerLoginTest@2db2dd9d]" started-at="2020-12-25T07:04:03Z" name="setUP" finished-at="2020-12-25T07:04:11Z" duration-ms="8128" status="PASS">
          <reporter-output>
          </reporter-output>
        </test-method> <!-- setUP -->
        <test-method signature="bankManagerLoginTest()[pri:0, instance:testcases.BankManagerLoginTest@2db2dd9d]" started-at="2020-12-25T07:04:12Z" name="bankManagerLoginTest" finished-at="2020-12-25T07:04:14Z" duration-ms="2099" status="FAIL">
          <exception class="java.lang.AssertionError">
            <message>
              <![CDATA[expected [true] but found [false]]]>
            </message>
            <full-stacktrace>
              <![CDATA[java.lang.AssertionError: expected [true] but found [false]
at org.testng.Assert.fail(Assert.java:96)
at org.testng.Assert.failNotEquals(Assert.java:776)
at org.testng.Assert.assertTrue(Assert.java:44)
at org.testng.Assert.assertTrue(Assert.java:54)
at testcases.BankManagerLoginTest.bankManagerLoginTest(BankManagerLoginTest.java:41)
at java.base/jdk.internal.reflect.NativeMethodAccessorImpl.invoke0(Native Method)
at java.base/jdk.internal.reflect.NativeMethodAccessorImpl.invoke(NativeMethodAccessorImpl.java:64)
at java.base/jdk.internal.reflect.DelegatingMethodAccessorImpl.invoke(DelegatingMethodAccessorImpl.java:43)
at java.base/java.lang.reflect.Method.invoke(Method.java:564)
at org.testng.internal.MethodInvocationHelper.invokeMethod(MethodInvocationHelper.java:124)
at org.testng.internal.Invoker.invokeMethod(Invoker.java:583)
at org.testng.internal.Invoker.invokeTestMethod(Invoker.java:719)
at org.testng.internal.Invoker.invokeTestMethods(Invoker.java:989)
at org.testng.internal.TestMethodWorker.invokeTestMethods(TestMethodWorker.java:125)
at org.testng.internal.TestMethodWorker.run(TestMethodWorker.java:109)
at org.testng.TestRunner.privateRun(TestRunner.java:648)
at org.testng.TestRunner.run(TestRunner.java:505)
at org.testng.SuiteRunner.runTest(SuiteRunner.java:455)
at org.testng.SuiteRunner.runSequentially(SuiteRunner.java:450)
at org.testng.SuiteRunner.privateRun(SuiteRunner.java:415)
at org.testng.SuiteRunner.run(SuiteRunner.java:364)
at org.testng.SuiteRunnerWorker.runSuite(SuiteRunnerWorker.java:52)
at org.testng.SuiteRunnerWorker.run(SuiteRunnerWorker.java:84)
at org.testng.TestNG.runSuitesSequentially(TestNG.java:1208)
at org.testng.TestNG.runSuitesLocally(TestNG.java:1137)
at org.testng.TestNG.runSuites(TestNG.java:1049)
at org.testng.TestNG.run(TestNG.java:1017)
at org.testng.remote.AbstractRemoteTestNG.run(AbstractRemoteTestNG.java:115)
at org.testng.remote.RemoteTestNG.initAndRun(RemoteTestNG.java:251)
at org.testng.remote.RemoteTestNG.main(RemoteTestNG.java:77)
]]>
            </full-stacktrace>
          </exception> <!-- java.lang.AssertionError -->
          <reporter-output>
            <line>
              <![CDATA[Click to see Screenshot]]>
            </line>
            <line>
              <![CDATA[<a target="_blank" href=Fri_Dec_25_02_04_14_EST_2020.jpg>Screenshot</a>]]>
            </line>
            <line>
              <![CDATA[<br>]]>
            </line>
            <line>
              <![CDATA[<br>]]>
            </line>
            <line>
              <![CDATA[<a target="_blank" href=Fri_Dec_25_02_04_14_EST_2020.jpg><img src=Fri_Dec_25_02_04_14_EST_2020.jpg height=200 width=200></img></a>]]>
            </line>
          </reporter-output>
        </test-method> <!-- bankManagerLoginTest -->
        <test-method is-config="true" signature="tearDown()[pri:0, instance:testcases.BankManagerLoginTest@2db2dd9d]" started-at="2020-12-25T07:04:16Z" name="tearDown" finished-at="2020-12-25T07:04:16Z" duration-ms="69" status="PASS">
          <reporter-output>
          </reporter-output>
        </test-method> <!-- tearDown -->
      </class> <!-- testcases.BankManagerLoginTest -->
      <class name="testcases.OpenAccountTest">
        <test-method signature="openAccountTest(java.lang.String, java.lang.String, java.lang.String)[pri:0, instance:testcases.OpenAccountTest@4d411036]" started-at="2020-12-25T07:04:15Z" name="openAccountTest" data-provider="getData" finished-at="2020-12-25T07:04:16Z" duration-ms="560" status="PASS">
          <params>
            <param index="0">
              <value>
                <![CDATA[Harry Potter]]>
              </value>
            </param>
            <param index="1">
              <value>
                <![CDATA[Dollar]]>
              </value>
            </param>
            <param index="2">
              <value>
                <![CDATA[Account created successfully with account Number ]]>
              </value>
            </param>
          </params>
          <reporter-output>
          </reporter-output>
        </test-method> <!-- openAccountTest -->
        <test-method signature="openAccountTest(java.lang.String, java.lang.String, java.lang.String)[pri:0, instance:testcases.OpenAccountTest@4d411036]" started-at="2020-12-25T07:04:16Z" name="openAccountTest" data-provider="getData" finished-at="2020-12-25T07:04:16Z" duration-ms="211" status="PASS">
          <params>
            <param index="0">
              <value>
                <![CDATA[ercan caglayan]]>
              </value>
            </param>
            <param index="1">
              <value>
                <![CDATA[Dollar]]>
              </value>
            </param>
            <param index="2">
              <value>
                <![CDATA[Account created successfully with account Number ]]>
              </value>
            </param>
          </params>
          <reporter-output>
          </reporter-output>
        </test-method> <!-- openAccountTest -->
      </class> <!-- testcases.OpenAccountTest -->
    </test> <!-- Bank manager Test -->
  </suite> <!-- Data Driven Test -->
</testng-results>
